<?xml version="1.0" encoding="UTF-8"?>
<testng-results ignored="0" total="1" passed="1" failed="0" skipped="0">
  <reporter-output>
  </reporter-output>
  <suite started-at="2017-12-02T17:04:49Z" name="Suite" finished-at="2017-12-02T17:04:49Z" duration-ms="40">
    <groups>
    </groups>
    <test started-at="2017-12-02T17:04:49Z" name="Test" finished-at="2017-12-02T17:04:49Z" duration-ms="40">
      <class name="com.automation.framework.GoogleTest">
        <test-method is-config="true" signature="beforeTest()[pri:0, instance:com.automation.framework.GoogleTest@1da2cb77]" started-at="2017-12-02T22:34:49Z" name="beforeTest" finished-at="2017-12-02T22:34:49Z" duration-ms="11" status="PASS">
          <reporter-output>
          </reporter-output>
        </test-method> <!-- beforeTest -->
        <test-method is-config="true" signature="beforeMethod()[pri:0, instance:com.automation.framework.GoogleTest@1da2cb77]" started-at="2017-12-02T22:34:49Z" name="beforeMethod" finished-at="2017-12-02T22:34:49Z" duration-ms="1" status="PASS">
          <reporter-output>
          </reporter-output>
        </test-method> <!-- beforeMethod -->
        <test-method signature="clickSerchButton()[pri:0, instance:com.automation.framework.GoogleTest@1da2cb77]" started-at="2017-12-02T22:34:49Z" name="clickSerchButton" finished-at="2017-12-02T22:34:49Z" duration-ms="6" status="PASS">
          <reporter-output>
          </reporter-output>
        </test-method> <!-- clickSerchButton -->
      </class> <!-- com.automation.framework.GoogleTest -->
    </test> <!-- Test -->
  </suite> <!-- Suite -->
</testng-results>
